<?xml version="1.0" encoding="UTF-8"?>
<!-- Generated by org.testng.reporters.JUnitReportReporter -->
<testsuite hostname="INLEN8520080639" failures="0" tests="1" name="POMPaybackTest.LoginPOMTest" time="15.254" errors="0" timestamp="2023-03-02T09:59:37 IST" skipped="0">
  <testcase classname="POMPaybackTest.LoginPOMTest" name="Verifylog" time="15.254"/>
  <system-out/>
</testsuite> <!-- POMPaybackTest.LoginPOMTest -->
