<?xml version="1.0" encoding="UTF-8"?>
<!-- Generated by org.testng.reporters.JUnitReportReporter -->
<testsuite hostname="INLEN8520080639" failures="0" tests="1" name="testPayback.loginPOMTest" time="18.570" errors="0" timestamp="2023-02-28T17:48:21 IST" skipped="0">
  <testcase classname="testPayback.loginPOMTest" name="Verifylog" time="18.570"/>
  <system-out/>
</testsuite> <!-- testPayback.loginPOMTest -->
