<?xml version="1.0" encoding="UTF-8"?>
<!-- Generated by org.testng.reporters.JUnitReportReporter -->
<testsuite hostname="INLEN8520080639" failures="0" tests="1" name="testPayback.logintest" time="8.883" errors="0" timestamp="2023-02-28T14:00:24 IST" skipped="0">
  <testcase classname="testPayback.logintest" name="Verifylog" time="8.883"/>
  <system-out/>
</testsuite> <!-- testPayback.logintest -->
