<?xml version="1.0" encoding="UTF-8"?>
<!-- Generated by org.testng.reporters.JUnitReportReporter -->
<testsuite hostname="INLEN8520080639" failures="0" tests="1" name="PaybackpagefactoryTest.PaybackTestTag2" time="50.473" errors="0" timestamp="2023-03-03T17:39:02 IST" skipped="0">
  <testcase classname="PaybackpagefactoryTest.PaybackTestTag2" name="verifylog" time="50.473"/>
  <system-out/>
</testsuite> <!-- PaybackpagefactoryTest.PaybackTestTag2 -->
