<?xml version="1.0" encoding="UTF-8"?>
<!-- Generated by org.testng.reporters.JUnitReportReporter -->
<testsuite hostname="INLEN8520080639" failures="0" tests="5" name="PaybackpagefactoryTest.PaybackloginTestNG" time="260.889" errors="0" timestamp="2023-03-04T10:32:14 IST" skipped="0">
  <testcase classname="PaybackpagefactoryTest.PaybackloginTestNG" name="signuplog" time="7.001"/>
  <system-out/>
  <testcase classname="PaybackpagefactoryTest.PaybackloginTestNG" name="paybacklog" time="45.912"/>
  <system-out/>
  <testcase classname="PaybackpagefactoryTest.PaybackloginTestNG" name="unsuccessfullog" time="28.595"/>
  <system-out/>
  <testcase classname="PaybackpagefactoryTest.PaybackloginTestNG" name="forgotlog" time="41.363"/>
  <system-out/>
  <testcase classname="PaybackpagefactoryTest.PaybackloginTestNG" name="invalidAttempt" time="138.018"/>
  <system-out/>
</testsuite> <!-- PaybackpagefactoryTest.PaybackloginTestNG -->
