<?xml version="1.0" encoding="UTF-8"?>
<!-- Generated by org.testng.reporters.JUnitReportReporter -->
<testsuite hostname="INLEN8520080639" failures="0" tests="1" name="testPayback.loginpaybacktest" time="8.764" errors="0" timestamp="2023-03-02T09:19:27 IST" skipped="0">
  <testcase classname="testPayback.loginpaybacktest" name="verifylog" time="8.764"/>
  <system-out/>
</testsuite> <!-- testPayback.loginpaybacktest -->
