<?xml version="1.0" encoding="UTF-8"?>
<!-- Generated by org.testng.reporters.JUnitReportReporter -->
<testsuite hostname="INLEN8520080639" failures="0" tests="1" name="PaybackpagefactoryTest.PaybackTestTag5" time="139.102" errors="0" timestamp="2023-03-03T17:26:23 IST" skipped="0">
  <testcase classname="PaybackpagefactoryTest.PaybackTestTag5" name="verifylog" time="139.102"/>
  <system-out/>
</testsuite> <!-- PaybackpagefactoryTest.PaybackTestTag5 -->
