<?xml version="1.0" encoding="UTF-8"?>
<!-- Generated by org.testng.reporters.JUnitReportReporter -->
<testsuite hostname="INLEN8520080639" failures="0" tests="1" name="PaybackpagefactoryTest.PaybackTestTag1" time="7.532" errors="0" timestamp="2023-03-03T17:42:08 IST" skipped="0">
  <testcase classname="PaybackpagefactoryTest.PaybackTestTag1" name="verifylog" time="7.532"/>
  <system-out/>
</testsuite> <!-- PaybackpagefactoryTest.PaybackTestTag1 -->
