<?xml version="1.0" encoding="UTF-8"?>
<!-- Generated by org.testng.reporters.JUnitReportReporter -->
<testsuite hostname="INLEN8520080639" failures="0" tests="1" name="PaybackpagefactoryTest.PaybackTestTag3" time="30.213" errors="0" timestamp="2023-03-03T17:35:04 IST" skipped="0">
  <testcase classname="PaybackpagefactoryTest.PaybackTestTag3" name="verifylog" time="30.213"/>
  <system-out/>
</testsuite> <!-- PaybackpagefactoryTest.PaybackTestTag3 -->
