<?xml version="1.0" encoding="UTF-8"?>
<!-- Generated by org.testng.reporters.JUnitReportReporter -->
<testsuite hostname="INLEN8520080639" failures="0" tests="1" name="PaybackpagefactoryTest.PaybackTestTag4" time="41.839" errors="0" timestamp="2023-03-04T10:20:40 IST" skipped="0">
  <testcase classname="PaybackpagefactoryTest.PaybackTestTag4" name="verifylog" time="41.839"/>
  <system-out/>
</testsuite> <!-- PaybackpagefactoryTest.PaybackTestTag4 -->
